<?xml version="1.0" encoding="UTF-8"?>
<!-- Generated by org.testng.reporters.JUnitReportReporter -->
<testsuite skipped="0" hostname="New" name="E2E.ValidateLabels" tests="1" failures="0" timestamp="2021-05-24T00:30:17 IST" time="0.245" errors="0">
  <testcase name="Labelsvalidation" time="0.245" classname="E2E.ValidateLabels"/>
  <system-out/>
</testsuite> <!-- E2E.ValidateLabels -->
