<?xml version="1.0" encoding="UTF-8"?>
<!-- Generated by org.testng.reporters.JUnitReportReporter -->
<testsuite skipped="0" hostname="New" name="E2E.Homepage" tests="2" failures="0" timestamp="2021-05-24T00:30:17 IST" time="32.410" errors="0">
  <testcase name="homepageNavigation" time="15.745" classname="E2E.Homepage"/>
  <system-out/>
  <testcase name="homepageNavigation" time="16.665" classname="E2E.Homepage"/>
  <system-out/>
</testsuite> <!-- E2E.Homepage -->
