<?xml version="1.0" encoding="UTF-8"?>
<!-- Generated by org.testng.reporters.JUnitReportReporter -->
<testsuite hostname="New" name="E2E.Homepage" tests="2" failures="0" timestamp="26 May 2021 18:26:22 GMT" time="36.421" errors="0">
  <testcase name="homepageNavigation" time="20.145" classname="E2E.Homepage"/>
  <testcase name="homepageNavigation" time="16.276" classname="E2E.Homepage"/>
</testsuite> <!-- E2E.Homepage -->
